<?xml version="1.0" encoding="utf-8"?><testsuites><testsuite name="pytest" errors="0" failures="0" skipped="0" tests="45" time="1.101" timestamp="2026-07-04T12:59:58.634076+02:00" hostname="fedora.fritz.box"><testcase classname="tests.test_business_rules.TestValidateNonEmpty" name="test_strips_and_returns" time="0.003" /><testcase classname="tests.test_business_rules.TestValidateNonEmpty" name="test_raises_on_empty" time="0.002" /><testcase classname="tests.test_business_rules.TestValidateOptionalString" name="test_none_passthrough" time="0.001" /><testcase classname="tests.test_business_rules.TestValidateOptionalString" name="test_delegates_to_non_empty" time="0.001" /><testcase classname="tests.test_business_rules.TestValidateRate" name="test_accepts_valid_rate" time="0.001" /><testcase classname="tests.test_business_rules.TestValidateRate" name="test_rejects_invalid_rate[-0.1]" time="0.002" /><testcase classname="tests.test_business_rules.TestValidateRate" name="test_rejects_invalid_rate[1.1]" time="0.001" /><testcase classname="tests.test_business_rules.TestValidateRate" name="test_rejects_invalid_rate[0.5]" time="0.001" /><testcase classname="tests.test_business_rules.TestValidateSize" name="test_accepts_positive" time="0.001" /><testcase classname="tests.test_business_rules.TestValidateSize" name="test_rejects_invalid_size[0]" time="0.003" /><testcase classname="tests.test_business_rules.TestValidateSize" name="test_rejects_invalid_size[-1]" time="0.002" /><testcase classname="tests.test_business_rules.TestValidateSize" name="test_rejects_invalid_size[1]" time="0.001" /><testcase classname="tests.test_business_rules.TestValidateAlternativeRatiosSum" name="test_empty_list_ok" time="0.001" /><testcase classname="tests.test_business_rules.TestValidateAlternativeRatiosSum" name="test_sum_to_one_ok" time="0.001" /><testcase classname="tests.test_business_rules.TestValidateAlternativeRatiosSum" name="test_all_one_ok" time="0.002" /><testcase classname="tests.test_business_rules.TestValidateAlternativeRatiosSum" name="test_invalid_sum_raises" time="0.002" /><testcase classname="tests.test_business_rules.TestValidateAlternativePriorities" name="test_empty_list_ok" time="0.001" /><testcase classname="tests.test_business_rules.TestValidateAlternativePriorities" name="test_valid_priorities" time="0.001" /><testcase classname="tests.test_business_rules.TestValidateAlternativePriorities" name="test_invalid_priority_raises" time="0.001" /><testcase classname="tests.test_business_rules.TestNormalizeEvidenceLevel" name="test_none_returns_none" time="0.001" /><testcase classname="tests.test_business_rules.TestNormalizeEvidenceLevel" name="test_strips_and_empty_to_none" time="0.001" /><testcase classname="tests.test_business_rules.TestNormalizeEvidenceLevel" name="test_coerces_non_string" time="0.001" /><testcase classname="tests.test_business_rules.TestNormalizeDrugUnit" name="test_none_or_blank_returns_none" time="0.001" /><testcase classname="tests.test_business_rules.TestNormalizeDrugUnit" name="test_iu_uppercase" time="0.001" /><testcase classname="tests.test_business_rules.TestNormalizeDrugUnit" name="test_other_units_lowercase" time="0.001" /><testcase classname="tests.test_business_rules.TestValidateFollowupTreatmentParentage" name="test_valid_tree" time="0.001" /><testcase classname="tests.test_business_rules.TestValidateFollowupTreatmentParentage" name="test_orphan_followup_raises" time="0.002" /><testcase classname="tests.test_business_rules.TestFindNode" name="test_finds_nested_node" time="0.002" /><testcase classname="tests.test_business_rules.TestFindNode" name="test_returns_none_when_missing" time="0.001" /><testcase classname="tests.test_business_rules.TestRemoveNodeSubtree" name="test_removes_target_and_descendants" time="0.001" /><testcase classname="tests.test_business_rules.TestRemoveNodeSubtree" name="test_returns_false_when_not_found" time="0.001" /><testcase classname="tests.test_date_utils.TestTimestampRoundTrip" name="test_to_timestamp_and_back" time="0.002" /><testcase classname="tests.test_date_utils.TestPersianDateConversion" name="test_valid_persian_date" time="0.001" /><testcase classname="tests.test_date_utils.TestPersianDateConversion" name="test_malformed_persian_date_returns_none" time="0.001" /><testcase classname="tests.test_date_utils.TestMillisecondsConversion" name="test_convert_milliseconds_to_date" time="0.001" /><testcase classname="tests.test_date_utils.TestMillisecondsConversion" name="test_zero_ms_returns_none" time="0.001" /><testcase classname="tests.test_date_utils.TestMillisecondsConversion" name="test_convert_date_to_milliseconds" time="0.001" /><testcase classname="tests.test_date_utils.TestDayBoundaries" name="test_start_and_end_of_day" time="0.001" /><testcase classname="tests.test_date_utils.TestAddDays" name="test_add_positive_days" time="0.002" /><testcase classname="tests.test_date_utils.TestDaysBetweenDates" name="test_positive_delta" time="0.002" /><testcase classname="tests.test_date_utils.TestShamsiYearRange" name="test_valid_shamsi_year" time="0.001" /><testcase classname="tests.test_date_utils.TestShamsiYearRange" name="test_invalid_shamsi_year_raises" time="0.001" /><testcase classname="tests.test_remove_node.RemoveNodeTests" name="test_delete_node_not_found" time="0.002" /><testcase classname="tests.test_remove_node.RemoveNodeTests" name="test_delete_with_grandchildren_deep_structure_unchanged" time="0.002" /><testcase classname="tests.test_remove_node.RemoveNodeTests" name="test_leaf_delete" time="0.002" /></testsuite></testsuites>